<?xml version="1.0" encoding="UTF-8"?>
<testsuite name="com.hikdonate.donate.DonateApplicationTests" tests="1" skipped="0" failures="0" errors="0" timestamp="2024-09-13T12:03:56" hostname="LAPTOP-1ELL0G8C" time="0.477">
  <properties/>
  <testcase name="contextLoads()" classname="com.hikdonate.donate.DonateApplicationTests" time="0.477"/>
  <system-out><![CDATA[21:03:50.860 [Test worker] INFO org.springframework.test.context.support.AnnotationConfigContextLoaderUtils -- Could not detect default configuration classes for test class [com.hikdonate.donate.DonateApplicationTests]: DonateApplicationTests does not declare any static, non-private, non-final, nested classes annotated with @Configuration.
21:03:50.971 [Test worker] INFO org.springframework.boot.test.context.SpringBootTestContextBootstrapper -- Found @SpringBootConfiguration com.hikdonate.donate.Donate2024Application for test class com.hikdonate.donate.DonateApplicationTests

  .   ____          _            __ _ _
 /\\ / ___'_ __ _ _(_)_ __  __ _ \ \ \ \
( ( )\___ | '_ | '_| | '_ \/ _` | \ \ \ \
 \\/  ___)| |_)| | | | | || (_| |  ) ) ) )
  '  |____| .__|_| |_|_| |_\__, | / / / /
 =========|_|==============|___/=/_/_/_/

 :: Spring Boot ::                (v3.3.1)

2024-09-13T21:03:51.362+09:00  INFO 23060 --- [donate2024] [    Test worker] c.h.donate.DonateApplicationTests        : Starting DonateApplicationTests using Java 17.0.11 with PID 23060 (started by yhyh1 in C:\githubfile\donate2024)
2024-09-13T21:03:51.362+09:00  INFO 23060 --- [donate2024] [    Test worker] c.h.donate.DonateApplicationTests        : No active profile set, falling back to 1 default profile: "default"
2024-09-13T21:03:52.238+09:00  INFO 23060 --- [donate2024] [    Test worker] .s.d.r.c.RepositoryConfigurationDelegate : Multiple Spring Data modules found, entering strict repository configuration mode
2024-09-13T21:03:52.238+09:00  INFO 23060 --- [donate2024] [    Test worker] .s.d.r.c.RepositoryConfigurationDelegate : Bootstrapping Spring Data JPA repositories in DEFAULT mode.
2024-09-13T21:03:52.295+09:00  INFO 23060 --- [donate2024] [    Test worker] .RepositoryConfigurationExtensionSupport : Spring Data JPA - Could not safely identify store assignment for repository candidate interface com.hikdonate.donate.domain.transaction.repository.TransactionRepository; If you want this repository to be a JPA repository, consider annotating your entities with one of these annotations: jakarta.persistence.Entity, jakarta.persistence.MappedSuperclass (preferred), or consider extending one of the following types with your repository: org.springframework.data.jpa.repository.JpaRepository
2024-09-13T21:03:52.319+09:00  INFO 23060 --- [donate2024] [    Test worker] .s.d.r.c.RepositoryConfigurationDelegate : Finished Spring Data repository scanning in 67 ms. Found 1 JPA repository interface.
2024-09-13T21:03:52.358+09:00  INFO 23060 --- [donate2024] [    Test worker] .s.d.r.c.RepositoryConfigurationDelegate : Multiple Spring Data modules found, entering strict repository configuration mode
2024-09-13T21:03:52.358+09:00  INFO 23060 --- [donate2024] [    Test worker] .s.d.r.c.RepositoryConfigurationDelegate : Bootstrapping Spring Data MongoDB repositories in DEFAULT mode.
2024-09-13T21:03:52.358+09:00  INFO 23060 --- [donate2024] [    Test worker] .RepositoryConfigurationExtensionSupport : Spring Data MongoDB - Could not safely identify store assignment for repository candidate interface com.hikdonate.donate.domain.donor.dao.DonorRepository; If you want this repository to be a MongoDB repository, consider annotating your entities with one of these annotations: org.springframework.data.mongodb.core.mapping.Document (preferred), or consider extending one of the following types with your repository: org.springframework.data.mongodb.repository.MongoRepository
2024-09-13T21:03:52.358+09:00  INFO 23060 --- [donate2024] [    Test worker] .s.d.r.c.RepositoryConfigurationDelegate : Finished Spring Data repository scanning in 9 ms. Found 1 MongoDB repository interface.
2024-09-13T21:03:52.486+09:00  WARN 23060 --- [donate2024] [    Test worker] o.m.s.mapper.ClassPathMapperScanner      : No MyBatis mapper was found in '[com.hikdonate.donate]' package. Please check your configuration.
2024-09-13T21:03:52.865+09:00  INFO 23060 --- [donate2024] [    Test worker] o.hibernate.jpa.internal.util.LogHelper  : HHH000204: Processing PersistenceUnitInfo [name: default]
2024-09-13T21:03:52.944+09:00  INFO 23060 --- [donate2024] [    Test worker] org.hibernate.Version                    : HHH000412: Hibernate ORM core version 6.5.2.Final
2024-09-13T21:03:52.991+09:00  INFO 23060 --- [donate2024] [    Test worker] o.h.c.internal.RegionFactoryInitiator    : HHH000026: Second-level cache disabled
2024-09-13T21:03:53.339+09:00  INFO 23060 --- [donate2024] [    Test worker] o.s.o.j.p.SpringPersistenceUnitInfo      : No LoadTimeWeaver setup: ignoring JPA class transformer
2024-09-13T21:03:53.386+09:00  INFO 23060 --- [donate2024] [    Test worker] com.zaxxer.hikari.HikariDataSource       : HikariPool-1 - Starting...
2024-09-13T21:03:53.481+09:00  INFO 23060 --- [donate2024] [    Test worker] com.zaxxer.hikari.pool.HikariPool        : HikariPool-1 - Added connection conn0: url=jdbc:h2:tcp://localhost/~/donate user=SA
2024-09-13T21:03:53.481+09:00  INFO 23060 --- [donate2024] [    Test worker] com.zaxxer.hikari.HikariDataSource       : HikariPool-1 - Start completed.
2024-09-13T21:03:53.512+09:00  WARN 23060 --- [donate2024] [    Test worker] org.hibernate.orm.deprecation            : HHH90000025: H2Dialect does not need to be specified explicitly using 'hibernate.dialect' (remove the property setting and it will be selected by default)
2024-09-13T21:03:54.603+09:00  INFO 23060 --- [donate2024] [    Test worker] o.h.e.t.j.p.i.JtaPlatformInitiator       : HHH000489: No JTA platform available (set 'hibernate.transaction.jta.platform' to enable JTA platform integration)
2024-09-13T21:03:54.662+09:00  INFO 23060 --- [donate2024] [    Test worker] j.LocalContainerEntityManagerFactoryBean : Initialized JPA EntityManagerFactory for persistence unit 'default'
2024-09-13T21:03:55.185+09:00  INFO 23060 --- [donate2024] [ajh.mongodb.net] org.mongodb.driver.cluster               : Adding discovered server ac-uayd4dm-shard-00-02.gzp7ajh.mongodb.net:27017 to client view of cluster
2024-09-13T21:03:55.217+09:00  INFO 23060 --- [donate2024] [    Test worker] org.mongodb.driver.client                : MongoClient with metadata {"application": {"name": "donateCluster"}, "driver": {"name": "mongo-java-driver|sync|spring-boot", "version": "5.0.1"}, "os": {"type": "Windows", "name": "Windows 11", "architecture": "amd64", "version": "10.0"}, "platform": "Java/Oracle Corporation/17.0.11+7-LTS-207"} created with settings MongoClientSettings{readPreference=primary, writeConcern=WriteConcern{w=majority, wTimeout=null ms, journal=null}, retryWrites=true, retryReads=true, readConcern=ReadConcern{level=null}, credential=MongoCredential{mechanism=null, userName='yhyh1216', source='admin', password=<hidden>, mechanismProperties=<hidden>}, transportSettings=null, commandListeners=[], codecRegistry=ProvidersCodecRegistry{codecProviders=[ValueCodecProvider{}, BsonValueCodecProvider{}, DBRefCodecProvider{}, DBObjectCodecProvider{}, DocumentCodecProvider{}, CollectionCodecProvider{}, IterableCodecProvider{}, MapCodecProvider{}, GeoJsonCodecProvider{}, GridFSFileCodecProvider{}, Jsr310CodecProvider{}, JsonObjectCodecProvider{}, BsonCodecProvider{}, EnumCodecProvider{}, com.mongodb.client.model.mql.ExpressionCodecProvider@601ca994, com.mongodb.Jep395RecordCodecProvider@1acd2a14, com.mongodb.KotlinCodecProvider@5432be12]}, loggerSettings=LoggerSettings{maxDocumentLength=1000}, clusterSettings={hosts=[127.0.0.1:27017], srvHost=donatecluster.gzp7ajh.mongodb.net, srvServiceName=mongodb, mode=MULTIPLE, requiredClusterType=REPLICA_SET, requiredReplicaSetName='atlas-13pa2y-shard-0', serverSelector='null', clusterListeners='[]', serverSelectionTimeout='30000 ms', localThreshold='15 ms'}, socketSettings=SocketSettings{connectTimeoutMS=10000, readTimeoutMS=0, receiveBufferSize=0, proxySettings=ProxySettings{host=null, port=null, username=null, password=null}}, heartbeatSocketSettings=SocketSettings{connectTimeoutMS=10000, readTimeoutMS=10000, receiveBufferSize=0, proxySettings=ProxySettings{host=null, port=null, username=null, password=null}}, connectionPoolSettings=ConnectionPoolSettings{maxSize=100, minSize=0, maxWaitTimeMS=120000, maxConnectionLifeTimeMS=0, maxConnectionIdleTimeMS=0, maintenanceInitialDelayMS=0, maintenanceFrequencyMS=60000, connectionPoolListeners=[], maxConnecting=2}, serverSettings=ServerSettings{heartbeatFrequencyMS=10000, minHeartbeatFrequencyMS=500, serverListeners='[]', serverMonitorListeners='[]'}, sslSettings=SslSettings{enabled=true, invalidHostNameAllowed=false, context=null}, applicationName='donateCluster', compressorList=[], uuidRepresentation=JAVA_LEGACY, serverApi=null, autoEncryptionSettings=null, dnsClient=null, inetAddressResolver=null, contextProvider=null}
2024-09-13T21:03:55.231+09:00  INFO 23060 --- [donate2024] [ajh.mongodb.net] org.mongodb.driver.cluster               : Adding discovered server ac-uayd4dm-shard-00-00.gzp7ajh.mongodb.net:27017 to client view of cluster
2024-09-13T21:03:55.234+09:00  INFO 23060 --- [donate2024] [ajh.mongodb.net] org.mongodb.driver.cluster               : Adding discovered server ac-uayd4dm-shard-00-01.gzp7ajh.mongodb.net:27017 to client view of cluster
2024-09-13T21:03:55.545+09:00  WARN 23060 --- [donate2024] [    Test worker] JpaBaseConfiguration$JpaWebConfiguration : spring.jpa.open-in-view is enabled by default. Therefore, database queries may be performed during view rendering. Explicitly configure spring.jpa.open-in-view to disable this warning
2024-09-13T21:03:55.594+09:00  INFO 23060 --- [donate2024] [    Test worker] r$InitializeUserDetailsManagerConfigurer : Global AuthenticationManager configured with UserDetailsService bean with name donorLoginService
2024-09-13T21:03:55.884+09:00  INFO 23060 --- [donate2024] [ngodb.net:27017] org.mongodb.driver.cluster               : Monitor thread successfully connected to server with description ServerDescription{address=ac-uayd4dm-shard-00-02.gzp7ajh.mongodb.net:27017, type=REPLICA_SET_PRIMARY, state=CONNECTED, ok=true, minWireVersion=0, maxWireVersion=21, maxDocumentSize=16777216, logicalSessionTimeoutMinutes=30, roundTripTimeNanos=369927600, setName='atlas-13pa2y-shard-0', canonicalAddress=ac-uayd4dm-shard-00-02.gzp7ajh.mongodb.net:27017, hosts=[ac-uayd4dm-shard-00-00.gzp7ajh.mongodb.net:27017, ac-uayd4dm-shard-00-02.gzp7ajh.mongodb.net:27017, ac-uayd4dm-shard-00-01.gzp7ajh.mongodb.net:27017], passives=[], arbiters=[], primary='ac-uayd4dm-shard-00-02.gzp7ajh.mongodb.net:27017', tagSet=TagSet{[Tag{name='availabilityZone', value='apne2-az2'}, Tag{name='diskState', value='READY'}, Tag{name='nodeType', value='ELECTABLE'}, Tag{name='provider', value='AWS'}, Tag{name='region', value='AP_NORTHEAST_2'}, Tag{name='workloadType', value='OPERATIONAL'}]}, electionId=7fffffff00000000000000a3, setVersion=6, topologyVersion=TopologyVersion{processId=66cf4aeea76a69f402d7d85e, counter=6}, lastWriteDate=Fri Sep 13 21:03:55 KST 2024, lastUpdateTimeNanos=361453090340500}
2024-09-13T21:03:55.884+09:00  INFO 23060 --- [donate2024] [ngodb.net:27017] org.mongodb.driver.cluster               : Monitor thread successfully connected to server with description ServerDescription{address=ac-uayd4dm-shard-00-01.gzp7ajh.mongodb.net:27017, type=REPLICA_SET_SECONDARY, state=CONNECTED, ok=true, minWireVersion=0, maxWireVersion=21, maxDocumentSize=16777216, logicalSessionTimeoutMinutes=30, roundTripTimeNanos=369842900, setName='atlas-13pa2y-shard-0', canonicalAddress=ac-uayd4dm-shard-00-01.gzp7ajh.mongodb.net:27017, hosts=[ac-uayd4dm-shard-00-00.gzp7ajh.mongodb.net:27017, ac-uayd4dm-shard-00-02.gzp7ajh.mongodb.net:27017, ac-uayd4dm-shard-00-01.gzp7ajh.mongodb.net:27017], passives=[], arbiters=[], primary='ac-uayd4dm-shard-00-02.gzp7ajh.mongodb.net:27017', tagSet=TagSet{[Tag{name='availabilityZone', value='apne2-az3'}, Tag{name='diskState', value='READY'}, Tag{name='nodeType', value='ELECTABLE'}, Tag{name='provider', value='AWS'}, Tag{name='region', value='AP_NORTHEAST_2'}, Tag{name='workloadType', value='OPERATIONAL'}]}, electionId=null, setVersion=6, topologyVersion=TopologyVersion{processId=66cf4b4335d3ed962916c132, counter=3}, lastWriteDate=Fri Sep 13 21:03:55 KST 2024, lastUpdateTimeNanos=361453090340500}
2024-09-13T21:03:55.884+09:00  INFO 23060 --- [donate2024] [ngodb.net:27017] org.mongodb.driver.cluster               : Monitor thread successfully connected to server with description ServerDescription{address=ac-uayd4dm-shard-00-00.gzp7ajh.mongodb.net:27017, type=REPLICA_SET_SECONDARY, state=CONNECTED, ok=true, minWireVersion=0, maxWireVersion=21, maxDocumentSize=16777216, logicalSessionTimeoutMinutes=30, roundTripTimeNanos=369827100, setName='atlas-13pa2y-shard-0', canonicalAddress=ac-uayd4dm-shard-00-00.gzp7ajh.mongodb.net:27017, hosts=[ac-uayd4dm-shard-00-00.gzp7ajh.mongodb.net:27017, ac-uayd4dm-shard-00-02.gzp7ajh.mongodb.net:27017, ac-uayd4dm-shard-00-01.gzp7ajh.mongodb.net:27017], passives=[], arbiters=[], primary='ac-uayd4dm-shard-00-02.gzp7ajh.mongodb.net:27017', tagSet=TagSet{[Tag{name='availabilityZone', value='apne2-az1'}, Tag{name='diskState', value='READY'}, Tag{name='nodeType', value='ELECTABLE'}, Tag{name='provider', value='AWS'}, Tag{name='region', value='AP_NORTHEAST_2'}, Tag{name='workloadType', value='OPERATIONAL'}]}, electionId=null, setVersion=6, topologyVersion=TopologyVersion{processId=66cf4a97539893b79cac4b52, counter=4}, lastWriteDate=Fri Sep 13 21:03:55 KST 2024, lastUpdateTimeNanos=361453090340500}
2024-09-13T21:03:55.884+09:00  INFO 23060 --- [donate2024] [ngodb.net:27017] org.mongodb.driver.cluster               : Discovered replica set primary ac-uayd4dm-shard-00-02.gzp7ajh.mongodb.net:27017 with max election id 7fffffff00000000000000a3 and max set version 6
2024-09-13T21:03:56.367+09:00  INFO 23060 --- [donate2024] [    Test worker] o.s.b.a.h2.H2ConsoleAutoConfiguration    : H2 console available at '/h2-console'. Database available at 'jdbc:h2:tcp://localhost/~/donate'
2024-09-13T21:03:56.452+09:00  INFO 23060 --- [donate2024] [    Test worker] c.h.donate.DonateApplicationTests        : Started DonateApplicationTests in 5.334 seconds (process running for 6.726)
]]></system-out>
  <system-err><![CDATA[]]></system-err>
</testsuite>
