<?xml version="1.0" encoding="UTF-8"?>
<testsuite name="com.hikdonate.donate.domain.MongoConnTest" tests="1" skipped="0" failures="0" errors="0" timestamp="2024-10-14T06:11:49" hostname="LAPTOP-1ELL0G8C" time="1.479">
  <properties/>
  <testcase name="testMongoDbConnection()" classname="com.hikdonate.donate.domain.MongoConnTest" time="1.479"/>
  <system-out><![CDATA[15:11:46.411 [Test worker] INFO org.springframework.test.context.support.AnnotationConfigContextLoaderUtils -- Could not detect default configuration classes for test class [com.hikdonate.donate.domain.MongoConnTest]: MongoConnTest does not declare any static, non-private, non-final, nested classes annotated with @Configuration.
15:11:46.916 [Test worker] INFO org.springframework.boot.test.context.SpringBootTestContextBootstrapper -- Found @SpringBootConfiguration com.hikdonate.Donate2024Application for test class com.hikdonate.donate.domain.MongoConnTest

  .   ____          _            __ _ _
 /\\ / ___'_ __ _ _(_)_ __  __ _ \ \ \ \
( ( )\___ | '_ | '_| | '_ \/ _` | \ \ \ \
 \\/  ___)| |_)| | | | | || (_| |  ) ) ) )
  '  |____| .__|_| |_|_| |_\__, | / / / /
 =========|_|==============|___/=/_/_/_/

 :: Spring Boot ::                (v3.3.1)

2024-10-14T15:11:47.430+09:00  INFO 2852 --- [donate2024] [    Test worker] c.hikdonate.donate.domain.MongoConnTest  : Starting MongoConnTest using Java 17.0.11 with PID 2852 (started by yhyh1 in C:\githubfile\donate2024)
2024-10-14T15:11:47.430+09:00  INFO 2852 --- [donate2024] [    Test worker] c.hikdonate.donate.domain.MongoConnTest  : No active profile set, falling back to 1 default profile: "default"
2024-10-14T15:11:47.899+09:00  INFO 2852 --- [donate2024] [    Test worker] .s.d.r.c.RepositoryConfigurationDelegate : Multiple Spring Data modules found, entering strict repository configuration mode
2024-10-14T15:11:47.899+09:00  INFO 2852 --- [donate2024] [    Test worker] .s.d.r.c.RepositoryConfigurationDelegate : Bootstrapping Spring Data MongoDB repositories in DEFAULT mode.
2024-10-14T15:11:47.974+09:00  INFO 2852 --- [donate2024] [    Test worker] .RepositoryConfigurationExtensionSupport : Spring Data MongoDB - Could not safely identify store assignment for repository candidate interface com.hikdonate.donate.domain.beneficiary.repository.BeneficiaryRepository; If you want this repository to be a MongoDB repository, consider annotating your entities with one of these annotations: org.springframework.data.mongodb.core.mapping.Document (preferred), or consider extending one of the following types with your repository: org.springframework.data.mongodb.repository.MongoRepository
2024-10-14T15:11:47.974+09:00  INFO 2852 --- [donate2024] [    Test worker] .RepositoryConfigurationExtensionSupport : Spring Data MongoDB - Could not safely identify store assignment for repository candidate interface com.hikdonate.donate.domain.donor.repository.DonorRepository; If you want this repository to be a MongoDB repository, consider annotating your entities with one of these annotations: org.springframework.data.mongodb.core.mapping.Document (preferred), or consider extending one of the following types with your repository: org.springframework.data.mongodb.repository.MongoRepository
2024-10-14T15:11:47.974+09:00  INFO 2852 --- [donate2024] [    Test worker] .RepositoryConfigurationExtensionSupport : Spring Data MongoDB - Could not safely identify store assignment for repository candidate interface com.hikdonate.donate.domain.interest.repository.InterestRepository; If you want this repository to be a MongoDB repository, consider annotating your entities with one of these annotations: org.springframework.data.mongodb.core.mapping.Document (preferred), or consider extending one of the following types with your repository: org.springframework.data.mongodb.repository.MongoRepository
2024-10-14T15:11:47.983+09:00  INFO 2852 --- [donate2024] [    Test worker] .RepositoryConfigurationExtensionSupport : Spring Data MongoDB - Could not safely identify store assignment for repository candidate interface com.hikdonate.donate.domain.tag.repository.TagLinkRepository; If you want this repository to be a MongoDB repository, consider annotating your entities with one of these annotations: org.springframework.data.mongodb.core.mapping.Document (preferred), or consider extending one of the following types with your repository: org.springframework.data.mongodb.repository.MongoRepository
2024-10-14T15:11:47.985+09:00  INFO 2852 --- [donate2024] [    Test worker] .RepositoryConfigurationExtensionSupport : Spring Data MongoDB - Could not safely identify store assignment for repository candidate interface com.hikdonate.donate.domain.tag.repository.TagRepository; If you want this repository to be a MongoDB repository, consider annotating your entities with one of these annotations: org.springframework.data.mongodb.core.mapping.Document (preferred), or consider extending one of the following types with your repository: org.springframework.data.mongodb.repository.MongoRepository
2024-10-14T15:11:48.031+09:00  INFO 2852 --- [donate2024] [    Test worker] .s.d.r.c.RepositoryConfigurationDelegate : Finished Spring Data repository scanning in 113 ms. Found 1 MongoDB repository interface.
2024-10-14T15:11:48.458+09:00  INFO 2852 --- [donate2024] [ajh.mongodb.net] org.mongodb.driver.cluster               : Adding discovered server ac-uayd4dm-shard-00-02.gzp7ajh.mongodb.net:27017 to client view of cluster
2024-10-14T15:11:48.493+09:00  INFO 2852 --- [donate2024] [    Test worker] org.mongodb.driver.client                : MongoClient with metadata {"application": {"name": "donateCluster"}, "driver": {"name": "mongo-java-driver|sync|spring-boot", "version": "5.0.1"}, "os": {"type": "Windows", "name": "Windows 11", "architecture": "amd64", "version": "10.0"}, "platform": "Java/Oracle Corporation/17.0.11+7-LTS-207"} created with settings MongoClientSettings{readPreference=primary, writeConcern=WriteConcern{w=majority, wTimeout=null ms, journal=null}, retryWrites=true, retryReads=true, readConcern=ReadConcern{level=null}, credential=MongoCredential{mechanism=null, userName='yhyh1216', source='admin', password=<hidden>, mechanismProperties=<hidden>}, transportSettings=null, commandListeners=[], codecRegistry=ProvidersCodecRegistry{codecProviders=[ValueCodecProvider{}, BsonValueCodecProvider{}, DBRefCodecProvider{}, DBObjectCodecProvider{}, DocumentCodecProvider{}, CollectionCodecProvider{}, IterableCodecProvider{}, MapCodecProvider{}, GeoJsonCodecProvider{}, GridFSFileCodecProvider{}, Jsr310CodecProvider{}, JsonObjectCodecProvider{}, BsonCodecProvider{}, EnumCodecProvider{}, com.mongodb.client.model.mql.ExpressionCodecProvider@5a02bfe3, com.mongodb.Jep395RecordCodecProvider@7a3e5cd3, com.mongodb.KotlinCodecProvider@3c79088e]}, loggerSettings=LoggerSettings{maxDocumentLength=1000}, clusterSettings={hosts=[127.0.0.1:27017], srvHost=donatecluster.gzp7ajh.mongodb.net, srvServiceName=mongodb, mode=MULTIPLE, requiredClusterType=REPLICA_SET, requiredReplicaSetName='atlas-13pa2y-shard-0', serverSelector='null', clusterListeners='[]', serverSelectionTimeout='30000 ms', localThreshold='15 ms'}, socketSettings=SocketSettings{connectTimeoutMS=10000, readTimeoutMS=0, receiveBufferSize=0, proxySettings=ProxySettings{host=null, port=null, username=null, password=null}}, heartbeatSocketSettings=SocketSettings{connectTimeoutMS=10000, readTimeoutMS=10000, receiveBufferSize=0, proxySettings=ProxySettings{host=null, port=null, username=null, password=null}}, connectionPoolSettings=ConnectionPoolSettings{maxSize=100, minSize=0, maxWaitTimeMS=120000, maxConnectionLifeTimeMS=0, maxConnectionIdleTimeMS=0, maintenanceInitialDelayMS=0, maintenanceFrequencyMS=60000, connectionPoolListeners=[], maxConnecting=2}, serverSettings=ServerSettings{heartbeatFrequencyMS=10000, minHeartbeatFrequencyMS=500, serverListeners='[]', serverMonitorListeners='[]'}, sslSettings=SslSettings{enabled=true, invalidHostNameAllowed=false, context=null}, applicationName='donateCluster', compressorList=[], uuidRepresentation=JAVA_LEGACY, serverApi=null, autoEncryptionSettings=null, dnsClient=null, inetAddressResolver=null, contextProvider=null}
2024-10-14T15:11:48.508+09:00  INFO 2852 --- [donate2024] [ajh.mongodb.net] org.mongodb.driver.cluster               : Adding discovered server ac-uayd4dm-shard-00-00.gzp7ajh.mongodb.net:27017 to client view of cluster
2024-10-14T15:11:48.513+09:00  INFO 2852 --- [donate2024] [ajh.mongodb.net] org.mongodb.driver.cluster               : Adding discovered server ac-uayd4dm-shard-00-01.gzp7ajh.mongodb.net:27017 to client view of cluster
2024-10-14T15:11:49.044+09:00  INFO 2852 --- [donate2024] [ngodb.net:27017] org.mongodb.driver.cluster               : Monitor thread successfully connected to server with description ServerDescription{address=ac-uayd4dm-shard-00-00.gzp7ajh.mongodb.net:27017, type=REPLICA_SET_SECONDARY, state=CONNECTED, ok=true, minWireVersion=0, maxWireVersion=21, maxDocumentSize=16777216, logicalSessionTimeoutMinutes=30, roundTripTimeNanos=272587900, setName='atlas-13pa2y-shard-0', canonicalAddress=ac-uayd4dm-shard-00-00.gzp7ajh.mongodb.net:27017, hosts=[ac-uayd4dm-shard-00-00.gzp7ajh.mongodb.net:27017, ac-uayd4dm-shard-00-02.gzp7ajh.mongodb.net:27017, ac-uayd4dm-shard-00-01.gzp7ajh.mongodb.net:27017], passives=[], arbiters=[], primary='ac-uayd4dm-shard-00-01.gzp7ajh.mongodb.net:27017', tagSet=TagSet{[Tag{name='availabilityZone', value='apne2-az1'}, Tag{name='diskState', value='READY'}, Tag{name='nodeType', value='ELECTABLE'}, Tag{name='provider', value='AWS'}, Tag{name='region', value='AP_NORTHEAST_2'}, Tag{name='workloadType', value='OPERATIONAL'}]}, electionId=null, setVersion=6, topologyVersion=TopologyVersion{processId=6707fc33475b378c796ee9b5, counter=4}, lastWriteDate=Mon Oct 14 15:11:48 KST 2024, lastUpdateTimeNanos=103338469647700}
2024-10-14T15:11:49.044+09:00  INFO 2852 --- [donate2024] [ngodb.net:27017] org.mongodb.driver.cluster               : Monitor thread successfully connected to server with description ServerDescription{address=ac-uayd4dm-shard-00-02.gzp7ajh.mongodb.net:27017, type=REPLICA_SET_SECONDARY, state=CONNECTED, ok=true, minWireVersion=0, maxWireVersion=21, maxDocumentSize=16777216, logicalSessionTimeoutMinutes=30, roundTripTimeNanos=272548100, setName='atlas-13pa2y-shard-0', canonicalAddress=ac-uayd4dm-shard-00-02.gzp7ajh.mongodb.net:27017, hosts=[ac-uayd4dm-shard-00-00.gzp7ajh.mongodb.net:27017, ac-uayd4dm-shard-00-02.gzp7ajh.mongodb.net:27017, ac-uayd4dm-shard-00-01.gzp7ajh.mongodb.net:27017], passives=[], arbiters=[], primary='ac-uayd4dm-shard-00-01.gzp7ajh.mongodb.net:27017', tagSet=TagSet{[Tag{name='availabilityZone', value='apne2-az2'}, Tag{name='diskState', value='READY'}, Tag{name='nodeType', value='ELECTABLE'}, Tag{name='provider', value='AWS'}, Tag{name='region', value='AP_NORTHEAST_2'}, Tag{name='workloadType', value='OPERATIONAL'}]}, electionId=null, setVersion=6, topologyVersion=TopologyVersion{processId=670800cb2ce71806b0571246, counter=3}, lastWriteDate=Mon Oct 14 15:11:48 KST 2024, lastUpdateTimeNanos=103338469647600}
2024-10-14T15:11:49.044+09:00  INFO 2852 --- [donate2024] [ngodb.net:27017] org.mongodb.driver.cluster               : Monitor thread successfully connected to server with description ServerDescription{address=ac-uayd4dm-shard-00-01.gzp7ajh.mongodb.net:27017, type=REPLICA_SET_PRIMARY, state=CONNECTED, ok=true, minWireVersion=0, maxWireVersion=21, maxDocumentSize=16777216, logicalSessionTimeoutMinutes=30, roundTripTimeNanos=272752600, setName='atlas-13pa2y-shard-0', canonicalAddress=ac-uayd4dm-shard-00-01.gzp7ajh.mongodb.net:27017, hosts=[ac-uayd4dm-shard-00-00.gzp7ajh.mongodb.net:27017, ac-uayd4dm-shard-00-02.gzp7ajh.mongodb.net:27017, ac-uayd4dm-shard-00-01.gzp7ajh.mongodb.net:27017], passives=[], arbiters=[], primary='ac-uayd4dm-shard-00-01.gzp7ajh.mongodb.net:27017', tagSet=TagSet{[Tag{name='availabilityZone', value='apne2-az3'}, Tag{name='diskState', value='READY'}, Tag{name='nodeType', value='ELECTABLE'}, Tag{name='provider', value='AWS'}, Tag{name='region', value='AP_NORTHEAST_2'}, Tag{name='workloadType', value='OPERATIONAL'}]}, electionId=7fffffff00000000000000a6, setVersion=6, topologyVersion=TopologyVersion{processId=6707fe4631ab0d1e0c26ecae, counter=6}, lastWriteDate=Mon Oct 14 15:11:48 KST 2024, lastUpdateTimeNanos=103338469843900}
2024-10-14T15:11:49.049+09:00  INFO 2852 --- [donate2024] [ngodb.net:27017] org.mongodb.driver.cluster               : Discovered replica set primary ac-uayd4dm-shard-00-01.gzp7ajh.mongodb.net:27017 with max election id 7fffffff00000000000000a6 and max set version 6
2024-10-14T15:11:49.204+09:00  INFO 2852 --- [donate2024] [    Test worker] c.hikdonate.donate.domain.MongoConnTest  : Started MongoConnTest in 2.146 seconds (process running for 4.085)
Connected to MongoDB database: donate
]]></system-out>
  <system-err><![CDATA[]]></system-err>
</testsuite>
