<?xml version="1.0" encoding="UTF-8"?>
<testsuite name="com.hikdonate.donate.DonateApplicationTests" tests="1" skipped="0" failures="0" errors="0" timestamp="2024-07-25T14:33:15" hostname="DESKTOP-AL2T3BF" time="2.671">
  <properties/>
  <testcase name="contextLoads()" classname="com.hikdonate.donate.DonateApplicationTests" time="2.671"/>
  <system-out><![CDATA[23:33:01.500 [Test worker] INFO org.springframework.test.context.support.AnnotationConfigContextLoaderUtils -- Could not detect default configuration classes for test class [com.hikdonate.donate.DonateApplicationTests]: DonateApplicationTests does not declare any static, non-private, non-final, nested classes annotated with @Configuration.
23:33:01.754 [Test worker] INFO org.springframework.boot.test.context.SpringBootTestContextBootstrapper -- Found @SpringBootConfiguration com.hikdonate.donate.DonateApplication for test class com.hikdonate.donate.DonateApplicationTests

  .   ____          _            __ _ _
 /\\ / ___'_ __ _ _(_)_ __  __ _ \ \ \ \
( ( )\___ | '_ | '_| | '_ \/ _` | \ \ \ \
 \\/  ___)| |_)| | | | | || (_| |  ) ) ) )
  '  |____| .__|_| |_|_| |_\__, | / / / /
 =========|_|==============|___/=/_/_/_/

 :: Spring Boot ::                (v3.3.1)

2024-07-25T23:33:03.284+09:00  INFO 7740 --- [donate] [    Test worker] c.h.donate.DonateApplicationTests        : Starting DonateApplicationTests using Java 17.0.8.1 with PID 7740 (started by 7047a in C:\Users\7047a\Desktop\donate)
2024-07-25T23:33:03.289+09:00  INFO 7740 --- [donate] [    Test worker] c.h.donate.DonateApplicationTests        : No active profile set, falling back to 1 default profile: "default"
2024-07-25T23:33:05.554+09:00  INFO 7740 --- [donate] [    Test worker] .s.d.r.c.RepositoryConfigurationDelegate : Bootstrapping Spring Data JPA repositories in DEFAULT mode.
2024-07-25T23:33:05.586+09:00  INFO 7740 --- [donate] [    Test worker] .s.d.r.c.RepositoryConfigurationDelegate : Finished Spring Data repository scanning in 14 ms. Found 0 JPA repository interfaces.
2024-07-25T23:33:05.964+09:00  WARN 7740 --- [donate] [    Test worker] o.m.s.mapper.ClassPathMapperScanner      : No MyBatis mapper was found in '[com.hikdonate.donate]' package. Please check your configuration.
2024-07-25T23:33:07.358+09:00  INFO 7740 --- [donate] [    Test worker] com.zaxxer.hikari.HikariDataSource       : HikariPool-1 - Starting...
2024-07-25T23:33:07.926+09:00  INFO 7740 --- [donate] [    Test worker] com.zaxxer.hikari.pool.HikariPool        : HikariPool-1 - Added connection conn0: url=jdbc:h2:mem:44cce7a9-00ce-4557-8443-f100ff7cf48b user=SA
2024-07-25T23:33:07.929+09:00  INFO 7740 --- [donate] [    Test worker] com.zaxxer.hikari.HikariDataSource       : HikariPool-1 - Start completed.
2024-07-25T23:33:08.023+09:00  INFO 7740 --- [donate] [    Test worker] o.hibernate.jpa.internal.util.LogHelper  : HHH000204: Processing PersistenceUnitInfo [name: default]
2024-07-25T23:33:08.359+09:00  INFO 7740 --- [donate] [    Test worker] org.hibernate.Version                    : HHH000412: Hibernate ORM core version 6.5.2.Final
2024-07-25T23:33:08.507+09:00  INFO 7740 --- [donate] [    Test worker] o.h.c.internal.RegionFactoryInitiator    : HHH000026: Second-level cache disabled
2024-07-25T23:33:10.308+09:00  INFO 7740 --- [donate] [    Test worker] o.s.o.j.p.SpringPersistenceUnitInfo      : No LoadTimeWeaver setup: ignoring JPA class transformer
2024-07-25T23:33:12.007+09:00  INFO 7740 --- [donate] [    Test worker] o.h.e.t.j.p.i.JtaPlatformInitiator       : HHH000489: No JTA platform available (set 'hibernate.transaction.jta.platform' to enable JTA platform integration)
2024-07-25T23:33:12.021+09:00  INFO 7740 --- [donate] [    Test worker] j.LocalContainerEntityManagerFactoryBean : Initialized JPA EntityManagerFactory for persistence unit 'default'
2024-07-25T23:33:12.462+09:00  WARN 7740 --- [donate] [    Test worker] JpaBaseConfiguration$JpaWebConfiguration : spring.jpa.open-in-view is enabled by default. Therefore, database queries may be performed during view rendering. Explicitly configure spring.jpa.open-in-view to disable this warning
2024-07-25T23:33:13.664+09:00  WARN 7740 --- [donate] [    Test worker] ion$DefaultTemplateResolverConfiguration : Cannot find template location: classpath:/templates/ (please add some templates, check your Thymeleaf configuration, or set spring.thymeleaf.check-template-location=false)
2024-07-25T23:33:14.179+09:00  WARN 7740 --- [donate] [    Test worker] .s.s.UserDetailsServiceAutoConfiguration : 

Using generated security password: cca05f7e-27d8-4f52-a943-5ccc78d2f2ef

This generated password is for development use only. Your security configuration must be updated before running your application in production.

2024-07-25T23:33:14.415+09:00  INFO 7740 --- [donate] [    Test worker] r$InitializeUserDetailsManagerConfigurer : Global AuthenticationManager configured with UserDetailsService bean with name inMemoryUserDetailsManager
2024-07-25T23:33:15.098+09:00  INFO 7740 --- [donate] [    Test worker] c.h.donate.DonateApplicationTests        : Started DonateApplicationTests in 12.579 seconds (process running for 19.752)
]]></system-out>
  <system-err><![CDATA[]]></system-err>
</testsuite>
